INFO: [VRFC 10-2263] Analyzing SystemVerilog file "C:/Users/kuruc/CPU_Design/CPU_5Stage_Pipelined/CPU_5Stage_Pipelined/CPU_5Stage_Pipelined.srcs/sources_1/new/FetchStage.sv" into library xil_defaultlib
INFO: [VRFC 10-311] analyzing module FetchStage
INFO: [VRFC 10-2263] Analyzing SystemVerilog file "C:/Users/kuruc/CPU_Design/CPU_5Stage_Pipelined/CPU_5Stage_Pipelined/CPU_5Stage_Pipelined.srcs/sources_1/new/FlipFlop_32bit.sv" into library xil_defaultlib
INFO: [VRFC 10-311] analyzing module FlipFlop_32bit
INFO: [VRFC 10-2263] Analyzing SystemVerilog file "C:/Users/kuruc/CPU_Design/CPU_5Stage_Pipelined/CPU_5Stage_Pipelined/CPU_5Stage_Pipelined.srcs/sources_1/new/InstructionMemory.sv" into library xil_defaultlib
INFO: [VRFC 10-311] analyzing module InstructionMemory
INFO: [VRFC 10-2263] Analyzing SystemVerilog file "C:/Users/kuruc/CPU_Design/CPU_5Stage_Pipelined/CPU_5Stage_Pipelined/CPU_5Stage_Pipelined.srcs/sim_1/new/Multiplexers.sv" into library xil_defaultlib
INFO: [VRFC 10-311] analyzing module mux2_1
INFO: [VRFC 10-311] analyzing module mux4_1
INFO: [VRFC 10-311] analyzing module mux8_1
INFO: [VRFC 10-311] analyzing module mux2_1_32bit
INFO: [VRFC 10-311] analyzing module mux4_1_32bit
INFO: [VRFC 10-311] analyzing module mux8_1_32bit
INFO: [VRFC 10-2263] Analyzing SystemVerilog file "C:/Users/kuruc/CPU_Design/CPU_5Stage_Pipelined/CPU_5Stage_Pipelined/CPU_5Stage_Pipelined.srcs/sim_1/new/Prefix_adder.sv" into library xil_defaultlib
INFO: [VRFC 10-311] analyzing module full_adder
INFO: [VRFC 10-311] analyzing module black_box
INFO: [VRFC 10-311] analyzing module Prefix_adder
INFO: [VRFC 10-2263] Analyzing SystemVerilog file "C:/Users/kuruc/CPU_Design/CPU_5Stage_Pipelined/CPU_5Stage_Pipelined/CPU_5Stage_Pipelined.srcs/sim_1/new/FetchStage_tb.sv" into library xil_defaultlib
INFO: [VRFC 10-311] analyzing module FetchStage_tb
WARNING: [VRFC 10-3824] variable 'totalTestCount' must explicitly be declared as automatic or static [C:/Users/kuruc/CPU_Design/CPU_5Stage_Pipelined/CPU_5Stage_Pipelined/CPU_5Stage_Pipelined.srcs/sim_1/new/FetchStage_tb.sv:94]
WARNING: [VRFC 10-3824] variable 'incorrectTestCount' must explicitly be declared as automatic or static [C:/Users/kuruc/CPU_Design/CPU_5Stage_Pipelined/CPU_5Stage_Pipelined/CPU_5Stage_Pipelined.srcs/sim_1/new/FetchStage_tb.sv:95]
