Vivado Simulator v2025.2.1
Copyright 1986-2022 Xilinx, Inc. All Rights Reserved.
Copyright 2022-2025 Advanced Micro Devices, Inc. All Rights Reserved.
Running: C:/AMDDesignTools/2025.2.1/Vivado/bin/unwrapped/win64.o/xelab.exe --incr --debug typical --relax --mt 2 -L xil_defaultlib -L uvm -L unisims_ver -L unimacro_ver -L secureip --snapshot DecodeStage_tb_behav xil_defaultlib.DecodeStage_tb xil_defaultlib.glbl -log elaborate.log 
Using 2 slave threads.
Starting static elaboration
Pass Through NonSizing Optimizer
WARNING: [VRFC 10-3091] actual bit length 96 differs from formal bit length 93 for port 'D' [C:/Users/kuruc/CPU_Design/CPU_5Stage_Pipelined/CPU_5Stage_Pipelined/CPU_5Stage_Pipelined.srcs/sources_1/new/DecodeStage.sv:61]
WARNING: [VRFC 10-3091] actual bit length 96 differs from formal bit length 93 for port 'Q' [C:/Users/kuruc/CPU_Design/CPU_5Stage_Pipelined/CPU_5Stage_Pipelined/CPU_5Stage_Pipelined.srcs/sources_1/new/DecodeStage.sv:62]
Completed static elaboration
Starting simulation data flow analysis
Completed simulation data flow analysis
Time Resolution for simulation is 1ps
Compiling module xil_defaultlib.PipelineRegister(WIDTH=93)
Compiling module xil_defaultlib.RegisterFile
Compiling module xil_defaultlib.Extender
Compiling module xil_defaultlib.DecodeStage
Compiling module xil_defaultlib.DecodeStage_tb
Compiling module xil_defaultlib.glbl
Built simulation snapshot DecodeStage_tb_behav
